PRT1
49
125
4 0 15 (0 1840 768 ) (0 1920 768 ) (0 1920 136 ) (0 1840 136 ) 
4 0 4 (0 1840 136 ) (0 1920 136 ) (896 1920 136 ) (896 1840 136 ) 
4 0 2 (384 1840 152 ) (384 1840 768 ) (0 1840 768 ) (0 1840 152 ) 
4 0 1 (384 1840 136 ) (896 1840 136 ) (896 1840 768 ) (384 1840 768 ) 
4 1 16 (896 1024 768 ) (384 1024 768 ) (384 1024 136 ) (896 1024 136 ) 
4 1 11 (896 1664 136 ) (896 1024 136 ) (384 1024 136 ) (384 1664 136 ) 
4 1 7 (896 1816 136 ) (896 1664 136 ) (384 1664 136 ) (384 1816 136 ) 
4 1 5 (384 1840 136 ) (896 1840 136 ) (896 1816 136 ) (384 1816 136 ) 
4 1 2 (384 1840 768 ) (384 1840 152 ) (384 1656 152 ) (384 1656 768 ) 
4 1 3 (384 1656 136 ) (384 1024 136 ) (384 1024 768 ) (384 1656 768 ) 
4 2 15 (0 1656 768 ) (0 1840 768 ) (0 1840 152 ) (0 1656 152 ) 
4 2 3 (384 1656 152 ) (384 1656 768 ) (0 1656 768 ) (0 1656 152 ) 
4 3 16 (384 1024 768 ) (0 1024 768 ) (0 1024 136 ) (384 1024 136 ) 
4 3 15 (0 1024 136 ) (0 1024 768 ) (0 1656 768 ) (0 1656 136 ) 
4 3 14 (0 1024 136 ) (0 1656 136 ) (16 1656 136 ) (16 1024 136 ) 
4 3 12 (368 1656 136 ) (384 1656 136 ) (384 1024 136 ) (368 1024 136 ) 
4 3 13 (16 1656 136 ) (368 1656 136 ) (368 1024 136 ) (16 1024 136 ) 
4 4 15 (0 1840 136 ) (0 1920 136 ) (0 1920 16 ) (0 1840 16 ) 
4 4 6 (16 1840 16 ) (368 1840 16 ) (368 1840 136 ) (16 1840 136 ) 
4 4 5 (384 1840 16 ) (896 1840 16 ) (896 1840 136 ) (384 1840 136 ) 
4 5 7 (384 1816 16 ) (896 1816 16 ) (896 1816 136 ) (384 1816 136 ) 
4 6 9 (16 1816 16 ) (368 1816 16 ) (368 1816 136 ) (16 1816 136 ) 
4 7 11 (384 1664 16 ) (896 1664 16 ) (896 1664 136 ) (384 1664 136 ) 
4 7 8 (384 1816 136 ) (384 1816 16 ) (384 1664 16 ) (384 1664 136 ) 
4 8 9 (368 1816 136 ) (368 1816 16 ) (368 1664 16 ) (368 1664 136 ) 
4 9 13 (16 1664 16 ) (368 1664 16 ) (368 1664 136 ) (16 1664 136 ) 
4 9 10 (16 1816 136 ) (16 1816 16 ) (16 1664 16 ) (16 1664 136 ) 
4 10 15 (0 1664 136 ) (0 1816 136 ) (0 1816 16 ) (0 1664 16 ) 
4 11 17 (384 1024 18 ) (384 1024 16 ) (896 1024 16 ) (896 1024 18 ) 
4 11 16 (896 1024 136 ) (384 1024 136 ) (384 1024 18 ) (896 1024 18 ) 
4 11 12 (384 1656 16 ) (384 1024 16 ) (384 1024 136 ) (384 1656 136 ) 
4 12 17 (368 1024 18 ) (368 1024 16 ) (384 1024 16 ) (384 1024 18 ) 
4 12 16 (384 1024 136 ) (368 1024 136 ) (368 1024 18 ) (384 1024 18 ) 
4 12 13 (368 1656 16 ) (368 1024 16 ) (368 1024 136 ) (368 1656 136 ) 
4 13 26 (245.333344 1024 16 ) (309.333344 1024 16 ) (309.333344 1024 18 ) (245.333328 1024 18 ) 
4 13 25 (74.671425 1024 16 ) (245.333344 1024 16 ) (245.333328 1024 18 ) (74.671417 1024 18 ) 
4 13 24 (16 1024 18 ) (16 1024 16 ) (74.671425 1024 16 ) (74.671417 1024 18 ) 
4 13 17 (309.333344 1024 16 ) (368 1024 16 ) (368 1024 18 ) (309.333344 1024 18 ) 
4 13 16 (368 1024 136 ) (16 1024 136 ) (16 1024 18 ) (368 1024 18 ) 
4 13 14 (16 1656 16 ) (16 1024 16 ) (16 1024 136 ) (16 1656 136 ) 
4 14 24 (0 1024 18 ) (0 1024 16 ) (16 1024 16 ) (16 1024 18 ) 
4 14 16 (16 1024 136 ) (0 1024 136 ) (0 1024 18 ) (16 1024 18 ) 
4 14 15 (0 1024 16 ) (0 1024 136 ) (0 1656 136 ) (0 1656 16 ) 
4 15 47 (0 1024 16 ) (0 1024 768 ) (-512 1024 768 ) (-512 1024 16 ) 
4 16 47 (0 1024 768 ) (0 1024 18 ) (0 0 18 ) (0 0 768 ) 
4 16 37 (0 0 136 ) (0 0 18 ) (896 0 18 ) (896 0 136 ) 
4 16 34 (384 0 768 ) (0 0 768 ) (0 0 136 ) (384 0 136 ) 
4 16 33 (896 0 768 ) (384 0 768 ) (384 0 136 ) (896 0 136 ) 
3 16 32 (204 542 18 ) (211.322021 540.779663 18 ) (215 535 18 ) 
3 16 31 (192 544 18 ) (207.616425 546.602722 18 ) (211.322021 540.779663 18 ) 
3 16 30 (225.169815 519.018860 18 ) (224 512 18 ) (222 524 18 ) 
3 16 29 (230.399994 550.400024 18 ) (225.169815 519.018860 18 ) (207.616425 546.602722 18 ) 
3 16 28 (234.813553 576.881348 18 ) (230.399994 550.400024 18 ) (180 542 18 ) 
3 16 27 (248.709671 660.258057 18 ) (234.813553 576.881348 18 ) (169 535 18 ) 
4 16 26 (245.333328 1024 18 ) (309.333313 1024 18 ) (248.709671 660.258057 18 ) (162 524 18 ) 
3 16 25 (74.671425 1024 18 ) (245.333328 1024 18 ) (160.002380 512.014282 18 ) 
4 16 24 (0 754.571411 18 ) (0 1024 18 ) (74.671425 1024 18 ) (162.006439 499.989899 18 ) 
3 16 23 (0 596.545410 18 ) (0 754.571411 18 ) (169 489 18 ) 
3 16 22 (0 512 18 ) (0 596.545410 18 ) (180 482 18 ) 
3 16 21 (0 448 18 ) (0 512 18 ) (192 480 18 ) 
3 16 20 (0 352.181824 18 ) (0 448 18 ) (204 482 18 ) 
3 16 19 (0 151.142853 18 ) (0 352.181824 18 ) (215 489 18 ) 
4 16 18 (0 0 18 ) (0 151.142853 18 ) (222 500 18 ) (138.666672 0 18 ) 
4 16 17 (309.333313 1024 18 ) (896 1024 18 ) (896 0 18 ) (138.666672 0 18 ) 
4 17 37 (138.666672 0 16 ) (896 0 16 ) (896 0 18 ) (138.666672 0 18 ) 
4 17 30 (224 511.998962 18 ) (225.170059 519.018433 18 ) (225.170059 519.018494 16 ) (224 512 16 ) 
4 17 29 (225.170059 519.018433 18 ) (230.400330 550.400085 18 ) (230.400330 550.400085 16 ) (225.170059 519.018494 16 ) 
4 17 28 (230.400330 550.400085 18 ) (234.813919 576.881592 18 ) (234.813919 576.881592 16 ) (230.400330 550.400085 16 ) 
4 17 27 (234.813919 576.881592 18 ) (248.710114 660.258789 18 ) (248.710114 660.258789 16 ) (234.813919 576.881592 16 ) 
4 17 26 (248.710114 660.258789 18 ) (309.333649 1024 18 ) (309.333649 1024 16 ) (248.710114 660.258789 16 ) 
4 17 18 (138.666992 0 18 ) (222 500 18 ) (222 500 16 ) (138.666992 0 16 ) 
4 18 47 (0 151.142822 16 ) (0 0 16 ) (0 0 18 ) (0 151.142853 18 ) 
4 18 37 (0 0 18 ) (0 0 16 ) (138.666672 0 16 ) (138.666672 0 18 ) 
4 18 19 (215.001160 489 16 ) (0 151.141739 16 ) (0 151.141739 18 ) (215.001160 489 18 ) 
4 19 47 (0 352.181824 16 ) (0 151.142822 16 ) (0 151.142853 18 ) (0 352.181824 18 ) 
4 19 20 (203.994690 482 16 ) (0 352.184296 16 ) (0 352.184296 18 ) (203.994690 482 18 ) 
4 20 47 (0 448 16 ) (0 352.181824 16 ) (0 352.181824 18 ) (0 448 18 ) 
4 20 21 (192 480 16 ) (0 448 16 ) (0 448 18 ) (192 480 18 ) 
4 21 47 (0 512 16 ) (0 448 16 ) (0 448 18 ) (0 512 18 ) 
4 21 22 (180 482 16 ) (0 512 16 ) (0 512 18 ) (180 482 18 ) 
4 22 47 (0 596.545410 16 ) (0 512 16 ) (0 512 18 ) (0 596.545410 18 ) 
4 22 23 (168.998856 489.001801 16 ) (0 596.546509 16 ) (0 596.546509 18 ) (168.998856 489.001801 18 ) 
4 23 47 (0 754.571411 16 ) (0 596.545410 16 ) (0 596.545410 18 ) (0 754.571411 18 ) 
4 23 24 (162.006577 499.989075 16 ) (0 754.570801 16 ) (0 754.570801 18 ) (162.006577 499.989075 18 ) 
4 24 47 (0 1024 18 ) (0 1024 16 ) (0 754.571411 16 ) (0 754.571411 18 ) 
4 24 25 (160.002274 512.013672 16 ) (74.671219 1024 16 ) (74.671219 1024 18 ) (160.002274 512.013672 18 ) 
4 25 26 (162 524 16 ) (245.333328 1024 16 ) (245.333328 1024 18 ) (162 524 18 ) 
4 26 27 (168.998840 535 16 ) (248.709930 660.259583 16 ) (248.709930 660.259583 18 ) (168.998856 535 18 ) 
4 27 28 (180 542 16 ) (234.813568 576.881409 16 ) (234.813568 576.881409 18 ) (180 542 18 ) 
4 28 31 (192 544 16 ) (207.616470 546.602722 16 ) (207.616470 546.602722 18 ) (192 544 18 ) 
4 28 29 (207.616470 546.602722 16 ) (230.400009 550.399963 16 ) (230.400009 550.399963 18 ) (207.616470 546.602722 18 ) 
4 29 32 (211.321625 540.779724 16 ) (215 535 16 ) (215 535 18 ) (211.321625 540.779724 18 ) 
4 29 31 (207.616730 546.601685 18 ) (207.616730 546.601685 16 ) (211.321625 540.779724 16 ) (211.321625 540.779724 18 ) 
4 29 30 (222 524 16 ) (225.169739 519.018433 16 ) (225.169739 519.018433 18 ) (222 524 18 ) 
4 31 32 (204 542 16 ) (211.321808 540.780029 16 ) (211.321808 540.780029 18 ) (204 542 18 ) 
4 33 46 (896 -824 136 ) (896 -896 136 ) (384 -896 136 ) (384 -824 136 ) 
4 33 44 (896 -800 136 ) (896 -824 136 ) (384 -824 136 ) (384 -800 136 ) 
4 33 40 (896 -648 136 ) (896 -800 136 ) (384 -800 136 ) (384 -648 136 ) 
4 33 38 (896 -640 136 ) (896 -648 136 ) (384 -648 136 ) (384 -640 136 ) 
4 33 37 (384 0 136 ) (896 0 136 ) (896 -640 136 ) (384 -640 136 ) 
4 33 35 (384 -824 152 ) (384 -824 768 ) (384 -640 768 ) (384 -640 152 ) 
4 33 34 (384 0 136 ) (384 -640 136 ) (384 -640 768 ) (384 0 768 ) 
4 33 36 (384 -824 136 ) (384 -896 136 ) (384 -896 768 ) (384 -824 768 ) 
4 34 48 (0 -640 768 ) (0 0 768 ) (0 0 136 ) (0 -640 136 ) 
4 34 37 (0 -640 136 ) (0 0 136 ) (384 0 136 ) (384 -640 136 ) 
4 34 35 (384 -640 152 ) (384 -640 768 ) (0 -640 768 ) (0 -640 152 ) 
4 35 48 (0 -824 768 ) (0 -640 768 ) (0 -640 152 ) (0 -824 152 ) 
4 35 36 (384 -824 152 ) (384 -824 768 ) (0 -824 768 ) (0 -824 152 ) 
4 36 48 (0 -896 768 ) (0 -824 768 ) (0 -824 136 ) (0 -896 136 ) 
4 36 46 (0 -896 136 ) (0 -824 136 ) (384 -824 136 ) (384 -896 136 ) 
4 37 48 (0 -640 136 ) (0 0 136 ) (0 0 16 ) (0 -640 16 ) 
4 37 39 (16 -640 16 ) (368 -640 16 ) (368 -640 136 ) (16 -640 136 ) 
4 37 38 (384 -640 16 ) (896 -640 16 ) (896 -640 136 ) (384 -640 136 ) 
4 38 40 (384 -648 16 ) (896 -648 16 ) (896 -648 136 ) (384 -648 136 ) 
4 39 42 (16 -648 16 ) (368 -648 16 ) (368 -648 136 ) (16 -648 136 ) 
4 40 44 (384 -800 16 ) (896 -800 16 ) (896 -800 136 ) (384 -800 136 ) 
4 40 41 (384 -648 136 ) (384 -648 16 ) (384 -800 16 ) (384 -800 136 ) 
4 41 42 (368 -648 136 ) (368 -648 16 ) (368 -800 16 ) (368 -800 136 ) 
4 42 45 (16 -800 16 ) (368 -800 16 ) (368 -800 136 ) (16 -800 136 ) 
4 42 43 (16 -648 136 ) (16 -648 16 ) (16 -800 16 ) (16 -800 136 ) 
4 43 48 (0 -800 136 ) (0 -648 136 ) (0 -648 16 ) (0 -800 16 ) 
4 44 46 (384 -824 16 ) (896 -824 16 ) (896 -824 136 ) (384 -824 136 ) 
4 45 46 (16 -824 16 ) (368 -824 16 ) (368 -824 136 ) (16 -824 136 ) 
4 46 48 (0 -896 136 ) (0 -824 136 ) (0 -824 16 ) (0 -896 16 ) 
4 47 48 (0 0 16 ) (0 0 768 ) (-512 0 768 ) (-512 0 16 ) 
